INFO:Калькулятор:Ввели число 1
INFO:Калькулятор:Ввели число 2
INFO:Калькулятор:Ввели число 5
INFO:Калькулятор:Ввели число 6
INFO:Калькулятор:Ввели число 2
INFO:Калькулятор:Ввели число 3
INFO:Калькулятор:Ввели число 6
INFO:Калькулятор:Ввели число 9
INFO:Калькулятор:Нажат *
INFO:Калькулятор:Ввели число 6
INFO:Калькулятор:Ввели число 9
INFO:Калькулятор:Ввели число 8
INFO:Калькулятор:Ввели число 5
INFO:Калькулятор:Ввели число 2
INFO:Калькулятор:Вычисляем результат выражения: 1256.2369*69852
INFO:Калькулятор:Результат выражения равен 87750659.9388
INFO:Калькулятор:Нажат -
INFO:Калькулятор:Обнуление данных калькулятора после вывода результата выражения
INFO:Калькулятор:Ввели число 8
INFO:Калькулятор:Вычисляем результат выражения: 87750659.9388-8
INFO:Калькулятор:Результат выражения равен 87750651.9388
INFO:Калькулятор:Нажат сброс
